<?xml version="1.0" encoding="UTF-8"?>
<!-- Generated by org.testng.reporters.JUnitReportReporter -->
<testsuite hostname="HYD-LW-17-0351" failures="0" tests="2" name="com.RSA.TestFiles.eCommerce_tc_2" time="26.338" errors="0" timestamp="2024-05-15T14:55:06 IST" skipped="0">
  <testcase classname="com.RSA.TestFiles.eCommerce_tc_2" name="FillForm_ErrorValidation" time="7.187"/>
  <testcase classname="com.RSA.TestFiles.eCommerce_tc_2" name="FillForm_PositiveFlow" time="19.151"/>
</testsuite> <!-- com.RSA.TestFiles.eCommerce_tc_2 -->
